<?xml version="1.0" encoding="UTF-8"?>
<testng-results ignored="0" total="2" passed="2" failed="0" skipped="0">
  <reporter-output>
  </reporter-output>
  <suite started-at="2021-07-03T12:41:41 IST" name="Rest Assured Automation" finished-at="2021-07-03T12:41:42 IST" duration-ms="1148">
    <groups>
      <group name="cucumber">
        <method signature="TestRunner.feature(cucumber.api.testng.CucumberFeatureWrapper)[pri:0, instance:cucumberOptions.TestRunner@4d5650ae]" name="feature" class="cucumberOptions.TestRunner"/>
      </group> <!-- cucumber -->
    </groups>
    <test started-at="2021-07-03T12:41:41 IST" name="FREE CRM Test" finished-at="2021-07-03T12:41:42 IST" duration-ms="1148">
      <class name="cucumberOptions.TestRunner">
        <test-method is-config="true" signature="setUpClass()[pri:0, instance:cucumberOptions.TestRunner@4d5650ae]" started-at="2021-07-03T12:41:41 IST" name="setUpClass" finished-at="2021-07-03T12:41:42 IST" duration-ms="586" status="PASS">
          <reporter-output>
          </reporter-output>
        </test-method> <!-- setUpClass -->
        <test-method signature="feature(cucumber.api.testng.CucumberFeatureWrapper)[pri:0, instance:cucumberOptions.TestRunner@4d5650ae]" started-at="2021-07-03T12:41:42 IST" name="feature" description="Runs Cucumber Feature" data-provider="features" finished-at="2021-07-03T12:41:42 IST" duration-ms="63" status="PASS">
          <params>
            <param index="0">
              <value>
                <![CDATA[Application Home Page]]>
              </value>
            </param>
          </params>
          <reporter-output>
          </reporter-output>
        </test-method> <!-- feature -->
        <test-method signature="feature(cucumber.api.testng.CucumberFeatureWrapper)[pri:0, instance:cucumberOptions.TestRunner@4d5650ae]" started-at="2021-07-03T12:41:42 IST" name="feature" description="Runs Cucumber Feature" data-provider="features" finished-at="2021-07-03T12:41:42 IST" duration-ms="37" status="PASS">
          <params>
            <param index="0">
              <value>
                <![CDATA[Application Login]]>
              </value>
            </param>
          </params>
          <reporter-output>
          </reporter-output>
        </test-method> <!-- feature -->
        <test-method is-config="true" signature="tearDownClass()[pri:0, instance:cucumberOptions.TestRunner@4d5650ae]" started-at="2021-07-03T12:41:42 IST" name="tearDownClass" finished-at="2021-07-03T12:41:42 IST" duration-ms="185" status="PASS">
          <reporter-output>
          </reporter-output>
        </test-method> <!-- tearDownClass -->
      </class> <!-- cucumberOptions.TestRunner -->
    </test> <!-- FREE CRM Test -->
  </suite> <!-- Rest Assured Automation -->
</testng-results>
